<?xml version="1.0" encoding="UTF-8"?>
<testsuite name="com.paulturner.wikiwordcount.incubator.WordExtractorTest" tests="8" skipped="0" failures="0" errors="0" timestamp="2019-04-17T01:26:58" hostname="t3610" time="0.109">
  <properties/>
  <testcase name="shouldExtractWordsFromSimplePage" classname="com.paulturner.wikiwordcount.incubator.WordExtractorTest" time="0.015"/>
  <testcase name="shouldProcessProblemPage1Ok" classname="com.paulturner.wikiwordcount.incubator.WordExtractorTest" time="0.046"/>
  <testcase name="shouldProcessProblemPage2Ok" classname="com.paulturner.wikiwordcount.incubator.WordExtractorTest" time="0.008"/>
  <testcase name="shouldProcessProblemPage3Ok" classname="com.paulturner.wikiwordcount.incubator.WordExtractorTest" time="0.01"/>
  <testcase name="shouldProcessProblemPage4Ok" classname="com.paulturner.wikiwordcount.incubator.WordExtractorTest" time="0.014"/>
  <testcase name="shouldExtractWordsFromTitle" classname="com.paulturner.wikiwordcount.incubator.WordExtractorTest" time="0.001"/>
  <testcase name="shouldExtractWordsFromComment" classname="com.paulturner.wikiwordcount.incubator.WordExtractorTest" time="0.001"/>
  <testcase name="shouldProcessRealPagesOk" classname="com.paulturner.wikiwordcount.incubator.WordExtractorTest" time="0.014"/>
  <system-out><![CDATA[2019-04-17 03:26:58.350 [Test worker] INFO  c.p.wikiwordcount.text.WordExtractor - Processing a page
2019-04-17 03:26:58.367 [Test worker] INFO  c.p.wikiwordcount.text.WordExtractor - Processing a page
2019-04-17 03:26:58.410 [Test worker] INFO  c.p.wikiwordcount.text.WordExtractor - Processing a page
2019-04-17 03:26:58.418 [Test worker] INFO  c.p.wikiwordcount.text.WordExtractor - Processing a page
2019-04-17 03:26:58.428 [Test worker] INFO  c.p.wikiwordcount.text.WordExtractor - Processing a page
2019-04-17 03:26:58.432 [Test worker] INFO  c.p.wikiwordcount.text.WordExtractor - Processing a page
2019-04-17 03:26:58.441 [Test worker] INFO  c.p.wikiwordcount.text.WordExtractor - Processing a page
2019-04-17 03:26:58.442 [Test worker] INFO  c.p.wikiwordcount.text.WordExtractor - Processing a page
2019-04-17 03:26:58.443 [Test worker] INFO  c.p.wikiwordcount.text.WordExtractor - Processing a page
2019-04-17 03:26:58.456 [Test worker] INFO  c.p.wikiwordcount.text.WordExtractor - Processing a page
]]></system-out>
  <system-err><![CDATA[]]></system-err>
</testsuite>
