<?xml version="1.0" encoding="UTF-8"?>
<testsuite name="com.paulturner.wikiwordcount.incubator.CommandLineOptionsExtractorTest" tests="1" skipped="0" failures="0" errors="0" timestamp="2019-04-17T01:26:57" hostname="t3610" time="0.0">
  <properties/>
  <testcase name="shouldExtractChunkSize" classname="com.paulturner.wikiwordcount.incubator.CommandLineOptionsExtractorTest" time="0.0"/>
  <system-out><![CDATA[]]></system-out>
  <system-err><![CDATA[]]></system-err>
</testsuite>
